c:\users\jfcarocota\documents\github\ulsa_rpg_system_2019\uwp_xbox_build\build\obj\ulsa_rpg_system_2019\x64\master\ulsa_rpg_system_2019.pch
c:\users\jfcarocota\documents\github\ulsa_rpg_system_2019\uwp_xbox_build\build\obj\ulsa_rpg_system_2019\x64\master\vc141.pdb
c:\users\jfcarocota\documents\github\ulsa_rpg_system_2019\uwp_xbox_build\build\obj\ulsa_rpg_system_2019\x64\master\pch.obj
c:\users\jfcarocota\documents\github\ulsa_rpg_system_2019\uwp_xbox_build\build\obj\ulsa_rpg_system_2019\x64\master\main.obj
c:\users\jfcarocota\documents\github\ulsa_rpg_system_2019\uwp_xbox_build\build\obj\ulsa_rpg_system_2019\x64\master\unitygenerated.obj
c:\users\jfcarocota\documents\github\ulsa_rpg_system_2019\uwp_xbox_build\build\obj\ulsa_rpg_system_2019\x64\master\app.obj
c:\users\jfcarocota\documents\github\ulsa_rpg_system_2019\uwp_xbox_build\build\bin\x64\master\ulsa_rpg_system_2019.exe
c:\users\jfcarocota\documents\github\ulsa_rpg_system_2019\uwp_xbox_build\build\bin\x64\master\ulsa_rpg_system_2019.pdb
c:\users\jfcarocota\documents\github\ulsa_rpg_system_2019\uwp_xbox_build\build\bin\x64\master\unityplayer.winmd
c:\users\jfcarocota\documents\github\ulsa_rpg_system_2019\uwp_xbox_build\build\bin\x64\master\unityplayer.dll
c:\users\jfcarocota\documents\github\ulsa_rpg_system_2019\uwp_xbox_build\build\bin\x64\master\unityplayer_uap_x64_master_il2cpp.pdb
c:\users\jfcarocota\documents\github\ulsa_rpg_system_2019\uwp_xbox_build\build\bin\x64\master\ulsa_rpg_system_2019_.winmd
c:\users\jfcarocota\documents\github\ulsa_rpg_system_2019\uwp_xbox_build\build\bin\x64\master\ulsa_rpg_system_2019.ipdb
c:\users\jfcarocota\documents\github\ulsa_rpg_system_2019\uwp_xbox_build\build\bin\x64\master\ulsa_rpg_system_2019.iobj
c:\users\jfcarocota\documents\github\ulsa_rpg_system_2019\uwp_xbox_build\build\obj\ulsa_rpg_system_2019\x64\master\ulsa_rpg_system_2019.vcxprojassemblyreference.cache
c:\users\jfcarocota\documents\github\ulsa_rpg_system_2019\uwp_xbox_build\build\obj\ulsa_rpg_system_2019\x64\master\ulsa_rpg_system_2019.vcxproj.copycomplete
c:\users\jfcarocota\documents\github\ulsa_rpg_system_2019\uwp_xbox_build\build\obj\ulsa_rpg_system_2019\x64\master\resourcehandlingtask.state
c:\users\jfcarocota\documents\github\ulsa_rpg_system_2019\uwp_xbox_build\build\obj\ulsa_rpg_system_2019\x64\master\ulsa_rpg_system_2019.vcxproj.generateresource.cache
c:\users\jfcarocota\documents\github\ulsa_rpg_system_2019\uwp_xbox_build\build\obj\ulsa_rpg_system_2019\x64\master\priconfig.xml
c:\users\jfcarocota\documents\github\ulsa_rpg_system_2019\uwp_xbox_build\build\obj\ulsa_rpg_system_2019\x64\master\priconfig.xml.intermediate
c:\users\jfcarocota\documents\github\ulsa_rpg_system_2019\uwp_xbox_build\build\obj\ulsa_rpg_system_2019\x64\master\layout.resfiles
c:\users\jfcarocota\documents\github\ulsa_rpg_system_2019\uwp_xbox_build\build\obj\ulsa_rpg_system_2019\x64\master\layout.resfiles.intermediate
c:\users\jfcarocota\documents\github\ulsa_rpg_system_2019\uwp_xbox_build\build\obj\ulsa_rpg_system_2019\x64\master\resources.resfiles
c:\users\jfcarocota\documents\github\ulsa_rpg_system_2019\uwp_xbox_build\build\obj\ulsa_rpg_system_2019\x64\master\resources.resfiles.intermediate
c:\users\jfcarocota\documents\github\ulsa_rpg_system_2019\uwp_xbox_build\build\obj\ulsa_rpg_system_2019\x64\master\pri.resfiles
c:\users\jfcarocota\documents\github\ulsa_rpg_system_2019\uwp_xbox_build\build\obj\ulsa_rpg_system_2019\x64\master\pri.resfiles.intermediate
c:\users\jfcarocota\documents\github\ulsa_rpg_system_2019\uwp_xbox_build\build\bin\x64\master\resources.pri
c:\users\jfcarocota\documents\github\ulsa_rpg_system_2019\uwp_xbox_build\build\obj\ulsa_rpg_system_2019\x64\master\qualifiers.txt
c:\users\jfcarocota\documents\github\ulsa_rpg_system_2019\uwp_xbox_build\build\obj\ulsa_rpg_system_2019\x64\master\qualifiers.txt.intermediate
c:\users\jfcarocota\documents\github\ulsa_rpg_system_2019\uwp_xbox_build\build\obj\ulsa_rpg_system_2019\x64\master\multiplequalifiersperdimensionfound.txt
c:\users\jfcarocota\documents\github\ulsa_rpg_system_2019\uwp_xbox_build\build\obj\ulsa_rpg_system_2019\x64\master\projectarchitectures.txt
c:\users\jfcarocota\documents\github\ulsa_rpg_system_2019\uwp_xbox_build\build\bin\x64\master\appxmanifest.xml
c:\users\jfcarocota\documents\github\ulsa_rpg_system_2019\uwp_xbox_build\build\bin\x64\master\ulsa_rpg_system_2019.build.appxrecipe
c:\users\jfcarocota\documents\github\ulsa_rpg_system_2019\uwp_xbox_build\build\obj\ulsa_rpg_system_2019\x64\master\embed.resfiles
c:\users\jfcarocota\documents\github\ulsa_rpg_system_2019\uwp_xbox_build\build\obj\ulsa_rpg_system_2019\x64\master\ulsa_rpg.2fabdf39.tlog\cl.command.1.tlog
c:\users\jfcarocota\documents\github\ulsa_rpg_system_2019\uwp_xbox_build\build\obj\ulsa_rpg_system_2019\x64\master\ulsa_rpg.2fabdf39.tlog\cl.read.1.tlog
c:\users\jfcarocota\documents\github\ulsa_rpg_system_2019\uwp_xbox_build\build\obj\ulsa_rpg_system_2019\x64\master\ulsa_rpg.2fabdf39.tlog\cl.write.1.tlog
c:\users\jfcarocota\documents\github\ulsa_rpg_system_2019\uwp_xbox_build\build\obj\ulsa_rpg_system_2019\x64\master\ulsa_rpg.2fabdf39.tlog\link.command.1.tlog
c:\users\jfcarocota\documents\github\ulsa_rpg_system_2019\uwp_xbox_build\build\obj\ulsa_rpg_system_2019\x64\master\ulsa_rpg.2fabdf39.tlog\link.read.1.tlog
c:\users\jfcarocota\documents\github\ulsa_rpg_system_2019\uwp_xbox_build\build\obj\ulsa_rpg_system_2019\x64\master\ulsa_rpg.2fabdf39.tlog\link.write.1.tlog
c:\users\jfcarocota\documents\github\ulsa_rpg_system_2019\uwp_xbox_build\build\obj\ulsa_rpg_system_2019\x64\master\ulsa_rpg.2fabdf39.tlog\ulsa_rpg_system_2019.read.1u.tlog
c:\users\jfcarocota\documents\github\ulsa_rpg_system_2019\uwp_xbox_build\build\obj\ulsa_rpg_system_2019\x64\master\ulsa_rpg.2fabdf39.tlog\ulsa_rpg_system_2019.write.1u.tlog
